<?xml version="1.0" encoding="UTF-8"?>
<!-- Generated by org.testng.reporters.JUnitXMLReporter -->
<testsuite ignored="0" hostname="CHQ-L-5ZSFLN3" failures="1" tests="3" name="Smoke Login Page" time="431.33" errors="0" timestamp="2023-01-09T23:01:11 GST">
  <testcase classname="productionSmoke.ProductionHomePageLoginUserSmokeSuite" name="VerifyLoginWithEmail" time="86.697"/>
  <testcase classname="productionSmoke.ProductionHomePageLoginUserSmokeSuite" name="VerifyOrderPlacedwithCashorCardOnDelivery" time="278.161"/>
  <testcase classname="productionSmoke.ProductionHomePageLoginUserSmokeSuite" name="BookAppointment" time="40.534">
    <failure type="java.lang.NullPointerException" message="Cannot invoke &amp;quot;String.equals(Object)&amp;quot; because &amp;quot;doctorName&amp;quot; is null">
      <![CDATA[java.lang.NullPointerException: Cannot invoke "String.equals(Object)" because "doctorName" is null
at productionSmoke.ProductionHomePageLoginUserSmokeSuite.BookAppointment(ProductionHomePageLoginUserSmokeSuite.java:292)
at java.base/java.util.ArrayList.forEach(ArrayList.java:1511)
at java.base/java.util.concurrent.FutureTask.run(FutureTask.java:264)
at java.base/java.util.concurrent.ThreadPoolExecutor.runWorker(ThreadPoolExecutor.java:1136)
at java.base/java.util.concurrent.ThreadPoolExecutor$Worker.run(ThreadPoolExecutor.java:635)
at java.base/java.lang.Thread.run(Thread.java:833)
... Removed 18 stack frames]]>
    </failure>
  </testcase> <!-- BookAppointment -->
</testsuite> <!-- Smoke Login Page -->
