<?xml version="1.0" encoding="UTF-8"?>
<!-- Generated by org.testng.reporters.JUnitXMLReporter -->
<testsuite ignored="0" hostname="A1s-Mac-mini.local" failures="0" tests="4" name="TC001_Register_As_New_User_Chrome" time="5.791" errors="0" timestamp="2022-09-05T18:29:06 IST">
  <testcase classname="com.web.aster.Base.BaseClass" name="@BeforeTest beforeTest" time="5.746">
    <failure type="java.lang.NoSuchMethodError" message="&amp;apos;com.google.common.collect.ImmutableMap com.google.common.collect.ImmutableMap.of(java.lang.Object, java.lang.Object, java.lang.Object, java.lang.Object, java.lang.Object, java.lang.Object, java.lang.Object, java.lang.Object, java.lang.Object, java.lang.Object, java.lang.Object, java.lang.Object)&amp;apos;">
      <![CDATA[java.lang.NoSuchMethodError: 'com.google.common.collect.ImmutableMap com.google.common.collect.ImmutableMap.of(java.lang.Object, java.lang.Object, java.lang.Object, java.lang.Object, java.lang.Object, java.lang.Object, java.lang.Object, java.lang.Object, java.lang.Object, java.lang.Object, java.lang.Object, java.lang.Object)'
at org.openqa.selenium.chrome.AddHasCasting.getAdditionalCommands(AddHasCasting.java:38)
at org.openqa.selenium.chrome.ChromeDriver$ChromeDriverCommandExecutor.getExtraCommands(ChromeDriver.java:98)
at org.openqa.selenium.chrome.ChromeDriver$ChromeDriverCommandExecutor.<init>(ChromeDriver.java:93)
at org.openqa.selenium.chrome.ChromeDriver.<init>(ChromeDriver.java:81)
at org.openqa.selenium.chrome.ChromeDriver.<init>(ChromeDriver.java:70)
at com.web.aster.Base.BaseClass.beforeTest(BaseClass.java:100)
... Removed 24 stack frames]]>
    </failure>
  </testcase> <!-- @BeforeTest beforeTest -->
  <testcase classname="com.web.aster.Tests.TC001_Register_As_New_User" name="@BeforeMethod beforeMethod" time="0.0">
    <skipped/>
  </testcase> <!-- @BeforeMethod beforeMethod -->
  <testcase classname="com.web.aster.Base.BaseClass" name="@AfterTest afterTest" time="0.0">
    <skipped/>
  </testcase> <!-- @AfterTest afterTest -->
  <testcase classname="com.web.aster.Tests.TC001_Register_As_New_User" name="Test_UI_Elements_On_Application_Home_Page" time="0.0">
    <skipped/>
  </testcase> <!-- Test_UI_Elements_On_Application_Home_Page -->
  <testcase classname="com.web.aster.Tests.TC001_Register_As_New_User" name="Test_Click_Login_Register_Link" time="0.0">
    <skipped/>
  </testcase> <!-- Test_Click_Login_Register_Link -->
  <testcase classname="com.web.aster.Tests.TC001_Register_As_New_User" name="Test_UI_Elements_On_Login_Page" time="0.0">
    <skipped/>
  </testcase> <!-- Test_UI_Elements_On_Login_Page -->
  <testcase classname="com.web.aster.Tests.TC001_Register_As_New_User" name="Test_Login_As_New_User_On_Login_Page" time="0.0">
    <skipped/>
  </testcase> <!-- Test_Login_As_New_User_On_Login_Page -->
</testsuite> <!-- TC001_Register_As_New_User_Chrome -->
